listening on *:3001
4RgpE59h338PGuedAAAA Connected
VbpJ74FKBr_8F2Q7AAAB Connected
9jIvPPR8MWKiztOuAAAC Connected
qwrFpJdRkte8i0JWAAAD Connected
r2SSrLps3NocSZYjAAAE Connected
xRH9ZDjHwmPmakAdAAAF Connected
up7uVvZTglzM_cpUAAAG Connected
JHUiS1vu_w_Y75WVAAAH Connected
4IJ9pqHOdZBRPvNWAAAI Connected
sWfs-ouv_dvDEUZVAAAJ Connected
7sG4oBzifiHheDz5AAAK Connected
7aBQmfkI187dvhxPAAAL Connected
tbgO5VEKm-Dxa2A3AAAM Connected
ZWcbFbpsRcyG8MhSAAAN Connected
nOQdg12KrsY_IalqAAAO Connected
RprAd_QRHyZ5KvoXAAAP Connected
F5IUQixf3Whx-o8iAAAQ Connected
JPF5c5NQV4sJDO-eAAAR Connected
WGh3PBINoVpM1lcqAAAS Connected
3U-Mqo-F8grh7-WKAAAT Connected
Pdb7aYY5O5EfaIkGAAAU Connected
Jq4Cxp_K1jmoH9UGAAAV Connected
vfx9cwD-cPV3dNfEAAAW Connected
bUVsh1m2imFYZQzaAAAX Connected
s2cQpopK39rJPrxBAAAY Connected
lehIHnEC_1q_5aFLAAAZ Connected
-yHrz78GawHn8PcTAAAa Connected
qsm_Gm79W_d6ZAtOAAAb Connected
YsDtj2dphV_hLVqOAAAc Connected
Kd0KdV7pIf2AZJ4ZAAAd Connected
mY6Tn3nZF5pK8PXfAAAe Connected
39ZlVLoVdugBlBrXAAAf Connected
5I04f18uWokjXuM6AAAg Connected
h-xjq8DfhSdmDA8yAAAh Connected
vT0l0M3Jy66LfW71AAAi Connected
-zOhXYHHdsOu_R6iAAAj Connected
MFuS-Qs-Kh0R5CJBAAAk Connected
k1k1CacTYIwbVSMZAAAl Connected
K_lIkW0IAtLrScL8AAAm Connected
lvTR7fbJtvAW4wMUAAAn Connected
CTp7gbEbYRGFHr55AAAo Connected
qTMR9Cqv-ktH-d8HAAAp Connected
JHO505BTh9HQDf3HAAAq Connected
lswgC-hyJDYgpaldAAAr Connected
k8O4l4N74_UmW9dpAAAs Connected
HtiGoBAfqfNw4kTyAAAt Connected
bd7KU00PxKmt7NU7AAAu Connected
E6x-marCV3Aw2G5QAAAv Connected
BVCQvNdgFGouot3NAAAw Connected
L4PetjfcDN0Zo-2CAAAx Connected
3FywYQsHvUU1ejYcAAAy Connected
X_qP6rqobyK0Zz1jAAAz Connected
waNOQjmowwR0qlc5AAA0 Connected
